<?xml version="1.0" encoding="UTF-8"?>
<testng-results skipped="0" failed="0" ignored="1" total="2" passed="1">
  <reporter-output>
  </reporter-output>
  <suite name="Default suite" duration-ms="28606" started-at="2025-07-05T16:23:32 IST" finished-at="2025-07-05T16:24:01 IST">
    <groups>
    </groups>
    <test name="Default test" duration-ms="28606" started-at="2025-07-05T16:23:32 IST" finished-at="2025-07-05T16:24:01 IST">
      <class name="testcases.DoubleAndRightClick">
        <test-method status="PASS" signature="test2()[pri:0, instance:testcases.DoubleAndRightClick@71bbf57e]" name="test2" duration-ms="28557" started-at="2025-07-05T16:23:32 IST" finished-at="2025-07-05T16:24:01 IST">
          <reporter-output>
          </reporter-output>
        </test-method> <!-- test2 -->
      </class> <!-- testcases.DoubleAndRightClick -->
    </test> <!-- Default test -->
  </suite> <!-- Default suite -->
</testng-results>
