<?xml version="1.0" encoding="UTF-8"?>
<!-- Generated by org.testng.reporters.JUnitXMLReporter -->
<testsuite hostname="LIN24006016" ignored="0" name="Default test" tests="5" failures="0" timestamp="2025-09-06T17:34:13 IST" time="0.127" errors="0">
  <testcase name="launchbrowser" time="0.01" classname="Maven_Testng.Maven_Testng.TestNg_Annotations"/>
  <testcase name="logintoapp" time="0.003" classname="Maven_Testng.Maven_Testng.TestNg_Annotations"/>
  <testcase name="serach_app" time="0.001" classname="Maven_Testng.Maven_Testng.TestNg_Annotations"/>
  <testcase name="actionson_app" time="0.003" classname="Maven_Testng.Maven_Testng.TestNg_Annotations"/>
  <testcase name="logout_app" time="0.002" classname="Maven_Testng.Maven_Testng.TestNg_Annotations"/>
</testsuite> <!-- Default test -->
