<?xml version="1.0" encoding="UTF-8"?>
<!-- Generated by org.testng.reporters.JUnitXMLReporter -->
<testsuite hostname="LIN24006016" ignored="0" name="Default test(failed)" tests="1" failures="1" timestamp="2024-08-02T14:13:20 IST" time="37.539" errors="0">
  <testcase name="dragAndDrop" time="37.467" classname="Maven_Testng.Maven_Testng.Drag_And_Drop">
    <failure type="junit.framework.AssertionFailedError">
      <![CDATA[junit.framework.AssertionFailedError
at junit.framework.Assert.fail(Assert.java:55)
at junit.framework.Assert.fail(Assert.java:64)
at Maven_Testng.Maven_Testng.Drag_And_Drop.dragAndDrop(Drag_And_Drop.java:46)
at java.util.ArrayList.forEach(ArrayList.java:1257)
... Removed 27 stack frames]]>
    </failure>
  </testcase> <!-- dragAndDrop -->
</testsuite> <!-- Default test(failed) -->
