<?xml version="1.0" encoding="UTF-8"?>
<!-- Generated by org.testng.reporters.JUnitXMLReporter -->
<testsuite hostname="LIN24006016" ignored="0" name="Open Cart Home Page Test" tests="5" failures="0" timestamp="2025-04-29T13:18:44 IST" time="41.968" errors="0">
  <testcase name="getHomePageTitle" time="0.043" classname="com.qa.opencart.tests.HomePageTest"/>
  <testcase name="getHomePageURL" time="0.002" classname="com.qa.opencart.tests.HomePageTest"/>
  <testcase name="serchTest" time="2.185" classname="com.qa.opencart.tests.HomePageTest"/>
  <testcase name="serchTest" time="1.555" classname="com.qa.opencart.tests.HomePageTest"/>
  <testcase name="serchTest" time="1.717" classname="com.qa.opencart.tests.HomePageTest"/>
</testsuite> <!-- Open Cart Home Page Test -->
