<?xml version="1.0" encoding="UTF-8"?>
<!-- Generated by org.testng.reporters.JUnitXMLReporter -->
<testsuite hostname="LIN24006016" ignored="0" name="Open Cart Login Page Test" tests="3" failures="1" timestamp="2025-04-29T13:18:46 IST" time="44.165" errors="0">
  <testcase name="loginPageNavigationTest" time="2.229" classname="com.qa.opencart.tests.LoginPageTest"/>
  <testcase name="forgorpwdLinkExistTest" time="0.05" classname="com.qa.opencart.tests.LoginPageTest"/>
  <testcase name="appLoginTest" time="1.88" classname="com.qa.opencart.tests.LoginPageTest">
    <failure type="com.microsoft.playwright.PlaywrightException" message="Error {
  message=&amp;apos;Unexpected token &amp;quot;&amp;quot; while parsing css selector &amp;quot;&amp;quot;. Did you mean to CSS.escape it?
  name=&amp;apos;Error
  stack=&amp;apos;Error: Unexpected token &amp;quot;&amp;quot; while parsing css selector &amp;quot;&amp;quot;. Did you mean to CSS.escape it?
    at unexpected (C:\Users\VLAKKAND\AppData\Local\Temp\playwright-java-6974736600280929974\package\lib\utils\isomorphic\cssParser.js:68:12)
    at consumeSimpleSelector (C:\Users\VLAKKAND\AppData\Local\Temp\playwright-java-6974736600280929974\package\lib\utils\isomorphic\cssParser.js:211:51)
    at consumeComplexSelector (C:\Users\VLAKKAND\AppData\Local\Temp\playwright-java-6974736600280929974\package\lib\utils\isomorphic\cssParser.js:140:19)
    at consumeArgument (C:\Users\VLAKKAND\AppData\Local\Temp\playwright-java-6974736600280929974\package\lib\utils\isomorphic\cssParser.js:120:12)
    at consumeFunctionArguments (C:\Users\VLAKKAND\AppData\Local\Temp\playwright-java-6974736600280929974\package\lib\utils\isomorphic\cssParser.js:107:21)
    at parseCSS (C:\Users\VLAKKAND\AppData\Local\Temp\playwright-java-6974736600280929974\package\lib\utils\isomorphic\cssParser.js:228:18)
    at parseSelector (C:\Users\VLAKKAND\AppData\Local\Temp\playwright-java-6974736600280929974\package\lib\utils\isomorphic\selectorParser.js:50:49)
    at splitSelectorByFrame (C:\Users\VLAKKAND\AppData\Local\Temp\playwright-java-6974736600280929974\package\lib\utils\isomorphic\selectorParser.js:99:20)
    at FrameSelectors.resolveFrameForSelector (C:\Users\VLAKKAND\AppData\Local\Temp\playwright-java-6974736600280929974\package\lib\server\frameSelectors.js:110:66)
    at FrameSelectors.resolveInjectedForSelector (C:\Users\VLAKKAND\AppData\Local\Temp\playwright-java-6974736600280929974\package\lib\server\frameSelectors.js:152:33)
}
Call log:
-     - checking visibility of
">
      <![CDATA[com.microsoft.playwright.PlaywrightException: Error {
  message='Unexpected token "" while parsing css selector "". Did you mean to CSS.escape it?
  name='Error
  stack='Error: Unexpected token "" while parsing css selector "". Did you mean to CSS.escape it?
    at unexpected (C:\Users\VLAKKAND\AppData\Local\Temp\playwright-java-6974736600280929974\package\lib\utils\isomorphic\cssParser.js:68:12)
    at consumeSimpleSelector (C:\Users\VLAKKAND\AppData\Local\Temp\playwright-java-6974736600280929974\package\lib\utils\isomorphic\cssParser.js:211:51)
    at consumeComplexSelector (C:\Users\VLAKKAND\AppData\Local\Temp\playwright-java-6974736600280929974\package\lib\utils\isomorphic\cssParser.js:140:19)
    at consumeArgument (C:\Users\VLAKKAND\AppData\Local\Temp\playwright-java-6974736600280929974\package\lib\utils\isomorphic\cssParser.js:120:12)
    at consumeFunctionArguments (C:\Users\VLAKKAND\AppData\Local\Temp\playwright-java-6974736600280929974\package\lib\utils\isomorphic\cssParser.js:107:21)
    at parseCSS (C:\Users\VLAKKAND\AppData\Local\Temp\playwright-java-6974736600280929974\package\lib\utils\isomorphic\cssParser.js:228:18)
    at parseSelector (C:\Users\VLAKKAND\AppData\Local\Temp\playwright-java-6974736600280929974\package\lib\utils\isomorphic\selectorParser.js:50:49)
    at splitSelectorByFrame (C:\Users\VLAKKAND\AppData\Local\Temp\playwright-java-6974736600280929974\package\lib\utils\isomorphic\selectorParser.js:99:20)
    at FrameSelectors.resolveFrameForSelector (C:\Users\VLAKKAND\AppData\Local\Temp\playwright-java-6974736600280929974\package\lib\server\frameSelectors.js:110:66)
    at FrameSelectors.resolveInjectedForSelector (C:\Users\VLAKKAND\AppData\Local\Temp\playwright-java-6974736600280929974\package\lib\server\frameSelectors.js:152:33)
}
Call log:
-     - checking visibility of

at com.microsoft.playwright.impl.WaitableResult.get(WaitableResult.java:56)
at com.microsoft.playwright.impl.ChannelOwner.runUntil(ChannelOwner.java:132)
at com.microsoft.playwright.impl.Connection.sendMessage(Connection.java:130)
at com.microsoft.playwright.impl.ChannelOwner.sendMessage(ChannelOwner.java:118)
at com.microsoft.playwright.impl.FrameImpl.isVisibleImpl(FrameImpl.java:641)
at com.microsoft.playwright.impl.PageImpl.lambda$isVisible$58(PageImpl.java:1012)
at com.microsoft.playwright.impl.LoggingSupport.withLogging(LoggingSupport.java:47)
at com.microsoft.playwright.impl.ChannelOwner.withLogging(ChannelOwner.java:97)
at com.microsoft.playwright.impl.PageImpl.isVisible(PageImpl.java:1011)
at com.microsoft.playwright.Page.isVisible(Page.java:5716)
at com.qa.opencart.pages.LoginPage.doLogIn(LoginPage.java:33)
at com.qa.opencart.tests.LoginPageTest.appLoginTest(LoginPageTest.java:28)
at java.util.ArrayList.forEach(ArrayList.java:1257)
at java.util.concurrent.FutureTask.run(FutureTask.java:266)
at java.util.concurrent.ThreadPoolExecutor.runWorker(ThreadPoolExecutor.java:1149)
at java.util.concurrent.ThreadPoolExecutor$Worker.run(ThreadPoolExecutor.java:624)
at java.lang.Thread.run(Thread.java:748)
Caused by: com.microsoft.playwright.impl.DriverException: Error {
  message='Unexpected token "" while parsing css selector "". Did you mean to CSS.escape it?
  name='Error
  stack='Error: Unexpected token "" while parsing css selector "". Did you mean to CSS.escape it?
    at unexpected (C:\Users\VLAKKAND\AppData\Local\Temp\playwright-java-6974736600280929974\package\lib\utils\isomorphic\cssParser.js:68:12)
    at consumeSimpleSelector (C:\Users\VLAKKAND\AppData\Local\Temp\playwright-java-6974736600280929974\package\lib\utils\isomorphic\cssParser.js:211:51)
    at consumeComplexSelector (C:\Users\VLAKKAND\AppData\Local\Temp\playwright-java-6974736600280929974\package\lib\utils\isomorphic\cssParser.js:140:19)
    at consumeArgument (C:\Users\VLAKKAND\AppData\Local\Temp\playwright-java-6974736600280929974\package\lib\utils\isomorphic\cssParser.js:120:12)
    at consumeFunctionArguments (C:\Users\VLAKKAND\AppData\Local\Temp\playwright-java-6974736600280929974\package\lib\utils\isomorphic\cssParser.js:107:21)
    at parseCSS (C:\Users\VLAKKAND\AppData\Local\Temp\playwright-java-6974736600280929974\package\lib\utils\isomorphic\cssParser.js:228:18)
    at parseSelector (C:\Users\VLAKKAND\AppData\Local\Temp\playwright-java-6974736600280929974\package\lib\utils\isomorphic\selectorParser.js:50:49)
    at splitSelectorByFrame (C:\Users\VLAKKAND\AppData\Local\Temp\playwright-java-6974736600280929974\package\lib\utils\isomorphic\selectorParser.js:99:20)
    at FrameSelectors.resolveFrameForSelector (C:\Users\VLAKKAND\AppData\Local\Temp\playwright-java-6974736600280929974\package\lib\server\frameSelectors.js:110:66)
    at FrameSelectors.resolveInjectedForSelector (C:\Users\VLAKKAND\AppData\Local\Temp\playwright-java-6974736600280929974\package\lib\server\frameSelectors.js:152:33)
}
Call log:
-     - checking visibility of

at com.microsoft.playwright.impl.Connection.dispatch(Connection.java:259)
at com.microsoft.playwright.impl.Connection.processOneMessage(Connection.java:211)
at com.microsoft.playwright.impl.ChannelOwner.runUntil(ChannelOwner.java:130)
... 33 more
... Removed 18 stack frames]]>
    </failure>
  </testcase> <!-- appLoginTest -->
</testsuite> <!-- Open Cart Login Page Test -->
