<?xml version="1.0" encoding="UTF-8"?>
<!-- Generated by org.testng.reporters.JUnitXMLReporter -->
<testsuite hostname="LIN24006016" ignored="0" name="Open Cart Home Page Test_chrome" tests="5" failures="0" timestamp="2025-04-29T16:31:07 IST" time="26.77" errors="0">
  <testcase name="getHomePageTitle" time="0.091" classname="com.qa.opencart.tests.HomePageTest"/>
  <testcase name="getHomePageURL" time="0.003" classname="com.qa.opencart.tests.HomePageTest"/>
  <testcase name="serchTest" time="0.72" classname="com.qa.opencart.tests.HomePageTest"/>
  <testcase name="serchTest" time="0.537" classname="com.qa.opencart.tests.HomePageTest"/>
  <testcase name="serchTest" time="0.57" classname="com.qa.opencart.tests.HomePageTest"/>
</testsuite> <!-- Open Cart Home Page Test_chrome -->
