<?xml version="1.0" encoding="UTF-8"?>
<!-- Generated by org.testng.reporters.JUnitXMLReporter -->
<testsuite hostname="LIN24006016" ignored="0" name="Open Cart Login Page Test_firefox" tests="3" failures="0" timestamp="2025-04-29T16:31:11 IST" time="30.773" errors="0">
  <testcase name="loginPageNavigationTest" time="0.496" classname="com.qa.opencart.tests.LoginPageTest"/>
  <testcase name="forgorpwdLinkExistTest" time="0.191" classname="com.qa.opencart.tests.LoginPageTest"/>
  <testcase name="appLoginTest" time="0.879" classname="com.qa.opencart.tests.LoginPageTest"/>
</testsuite> <!-- Open Cart Login Page Test_firefox -->
