<?xml version="1.0" encoding="UTF-8"?>
<!-- Generated by org.testng.reporters.JUnitXMLReporter -->
<testsuite hostname="LIN24006016" ignored="0" name="Open Cart Login Page Test_edge" tests="3" failures="0" timestamp="2025-04-29T16:31:14 IST" time="32.923" errors="0">
  <testcase name="loginPageNavigationTest" time="1.027" classname="com.qa.opencart.tests.LoginPageTest"/>
  <testcase name="forgorpwdLinkExistTest" time="0.041" classname="com.qa.opencart.tests.LoginPageTest"/>
  <testcase name="appLoginTest" time="0.778" classname="com.qa.opencart.tests.LoginPageTest"/>
</testsuite> <!-- Open Cart Login Page Test_edge -->
