<?xml version="1.0" encoding="UTF-8"?>
<testng-results skipped="0" failed="0" ignored="0" total="5" passed="5">
  <reporter-output>
  </reporter-output>
  <suite name="Default suite" duration-ms="127" started-at="2025-09-06T17:34:13 IST" finished-at="2025-09-06T17:34:13 IST">
    <groups>
      <group name="search_app">
        <method signature="TestNg_Annotations.actionson_app()[pri:4, instance:Maven_Testng.Maven_Testng.TestNg_Annotations@2f0a87b3]" name="actionson_app" class="Maven_Testng.Maven_Testng.TestNg_Annotations"/>
        <method signature="TestNg_Annotations.serach_app()[pri:3, instance:Maven_Testng.Maven_Testng.TestNg_Annotations@2f0a87b3]" name="serach_app" class="Maven_Testng.Maven_Testng.TestNg_Annotations"/>
      </group> <!-- search_app -->
      <group name="logout">
        <method signature="TestNg_Annotations.logout_app()[pri:5, instance:Maven_Testng.Maven_Testng.TestNg_Annotations@2f0a87b3]" name="logout_app" class="Maven_Testng.Maven_Testng.TestNg_Annotations"/>
      </group> <!-- logout -->
      <group name="launch">
        <method signature="TestNg_Annotations.launchbrowser()[pri:1, instance:Maven_Testng.Maven_Testng.TestNg_Annotations@2f0a87b3]" name="launchbrowser" class="Maven_Testng.Maven_Testng.TestNg_Annotations"/>
      </group> <!-- launch -->
      <group name="login">
        <method signature="TestNg_Annotations.logintoapp()[pri:2, instance:Maven_Testng.Maven_Testng.TestNg_Annotations@2f0a87b3]" name="logintoapp" class="Maven_Testng.Maven_Testng.TestNg_Annotations"/>
      </group> <!-- login -->
    </groups>
    <test name="Default test" duration-ms="127" started-at="2025-09-06T17:34:13 IST" finished-at="2025-09-06T17:34:13 IST">
      <class name="Maven_Testng.Maven_Testng.TestNg_Annotations">
        <test-method status="PASS" signature="beforeSuite()[pri:0, instance:Maven_Testng.Maven_Testng.TestNg_Annotations@2f0a87b3]" name="beforeSuite" is-config="true" duration-ms="23" started-at="2025-09-06T17:34:13 IST" finished-at="2025-09-06T17:34:13 IST">
          <reporter-output>
          </reporter-output>
        </test-method> <!-- beforeSuite -->
        <test-method status="PASS" signature="beforeTest()[pri:0, instance:Maven_Testng.Maven_Testng.TestNg_Annotations@2f0a87b3]" name="beforeTest" is-config="true" duration-ms="1" started-at="2025-09-06T17:34:13 IST" finished-at="2025-09-06T17:34:13 IST">
          <reporter-output>
          </reporter-output>
        </test-method> <!-- beforeTest -->
        <test-method status="PASS" signature="beforeClass()[pri:0, instance:Maven_Testng.Maven_Testng.TestNg_Annotations@2f0a87b3]" name="beforeClass" is-config="true" duration-ms="0" started-at="2025-09-06T17:34:13 IST" finished-at="2025-09-06T17:34:13 IST">
          <reporter-output>
          </reporter-output>
        </test-method> <!-- beforeClass -->
        <test-method status="PASS" signature="beforeMethod()[pri:0, instance:Maven_Testng.Maven_Testng.TestNg_Annotations@2f0a87b3]" name="beforeMethod" is-config="true" duration-ms="1" started-at="2025-09-06T17:34:13 IST" finished-at="2025-09-06T17:34:13 IST">
          <reporter-output>
          </reporter-output>
        </test-method> <!-- beforeMethod -->
        <test-method status="PASS" signature="launchbrowser()[pri:1, instance:Maven_Testng.Maven_Testng.TestNg_Annotations@2f0a87b3]" name="launchbrowser" duration-ms="10" started-at="2025-09-06T17:34:13 IST" finished-at="2025-09-06T17:34:13 IST">
          <reporter-output>
          </reporter-output>
        </test-method> <!-- launchbrowser -->
        <test-method status="PASS" signature="afterMethod()[pri:0, instance:Maven_Testng.Maven_Testng.TestNg_Annotations@2f0a87b3]" name="afterMethod" is-config="true" duration-ms="1" started-at="2025-09-06T17:34:13 IST" finished-at="2025-09-06T17:34:13 IST">
          <reporter-output>
          </reporter-output>
        </test-method> <!-- afterMethod -->
        <test-method status="PASS" signature="logintoapp()[pri:2, instance:Maven_Testng.Maven_Testng.TestNg_Annotations@2f0a87b3]" name="logintoapp" duration-ms="3" depends-on-groups="launch" started-at="2025-09-06T17:34:13 IST" finished-at="2025-09-06T17:34:13 IST">
          <reporter-output>
          </reporter-output>
        </test-method> <!-- logintoapp -->
        <test-method status="PASS" signature="beforeMethod()[pri:0, instance:Maven_Testng.Maven_Testng.TestNg_Annotations@2f0a87b3]" name="beforeMethod" is-config="true" duration-ms="0" started-at="2025-09-06T17:34:13 IST" finished-at="2025-09-06T17:34:13 IST">
          <reporter-output>
          </reporter-output>
        </test-method> <!-- beforeMethod -->
        <test-method status="PASS" signature="afterMethod()[pri:0, instance:Maven_Testng.Maven_Testng.TestNg_Annotations@2f0a87b3]" name="afterMethod" is-config="true" duration-ms="1" started-at="2025-09-06T17:34:13 IST" finished-at="2025-09-06T17:34:13 IST">
          <reporter-output>
          </reporter-output>
        </test-method> <!-- afterMethod -->
        <test-method status="PASS" signature="beforeMethod()[pri:0, instance:Maven_Testng.Maven_Testng.TestNg_Annotations@2f0a87b3]" name="beforeMethod" is-config="true" duration-ms="1" started-at="2025-09-06T17:34:13 IST" finished-at="2025-09-06T17:34:13 IST">
          <reporter-output>
          </reporter-output>
        </test-method> <!-- beforeMethod -->
        <test-method status="PASS" signature="serach_app()[pri:3, instance:Maven_Testng.Maven_Testng.TestNg_Annotations@2f0a87b3]" name="serach_app" duration-ms="1" started-at="2025-09-06T17:34:13 IST" depends-on-methods="Maven_Testng.Maven_Testng.TestNg_Annotations.logintoapp" finished-at="2025-09-06T17:34:13 IST">
          <reporter-output>
          </reporter-output>
        </test-method> <!-- serach_app -->
        <test-method status="PASS" signature="afterMethod()[pri:0, instance:Maven_Testng.Maven_Testng.TestNg_Annotations@2f0a87b3]" name="afterMethod" is-config="true" duration-ms="1" started-at="2025-09-06T17:34:13 IST" finished-at="2025-09-06T17:34:13 IST">
          <reporter-output>
          </reporter-output>
        </test-method> <!-- afterMethod -->
        <test-method status="PASS" signature="actionson_app()[pri:4, instance:Maven_Testng.Maven_Testng.TestNg_Annotations@2f0a87b3]" name="actionson_app" duration-ms="3" started-at="2025-09-06T17:34:13 IST" finished-at="2025-09-06T17:34:13 IST">
          <reporter-output>
          </reporter-output>
        </test-method> <!-- actionson_app -->
        <test-method status="PASS" signature="beforeMethod()[pri:0, instance:Maven_Testng.Maven_Testng.TestNg_Annotations@2f0a87b3]" name="beforeMethod" is-config="true" duration-ms="0" started-at="2025-09-06T17:34:13 IST" finished-at="2025-09-06T17:34:13 IST">
          <reporter-output>
          </reporter-output>
        </test-method> <!-- beforeMethod -->
        <test-method status="PASS" signature="afterMethod()[pri:0, instance:Maven_Testng.Maven_Testng.TestNg_Annotations@2f0a87b3]" name="afterMethod" is-config="true" duration-ms="0" started-at="2025-09-06T17:34:13 IST" finished-at="2025-09-06T17:34:13 IST">
          <reporter-output>
          </reporter-output>
        </test-method> <!-- afterMethod -->
        <test-method status="PASS" signature="beforeMethod()[pri:0, instance:Maven_Testng.Maven_Testng.TestNg_Annotations@2f0a87b3]" name="beforeMethod" is-config="true" duration-ms="1" started-at="2025-09-06T17:34:13 IST" finished-at="2025-09-06T17:34:13 IST">
          <reporter-output>
          </reporter-output>
        </test-method> <!-- beforeMethod -->
        <test-method status="PASS" signature="logout_app()[pri:5, instance:Maven_Testng.Maven_Testng.TestNg_Annotations@2f0a87b3]" name="logout_app" duration-ms="2" started-at="2025-09-06T17:34:13 IST" finished-at="2025-09-06T17:34:13 IST">
          <reporter-output>
          </reporter-output>
        </test-method> <!-- logout_app -->
        <test-method status="PASS" signature="afterMethod()[pri:0, instance:Maven_Testng.Maven_Testng.TestNg_Annotations@2f0a87b3]" name="afterMethod" is-config="true" duration-ms="1" started-at="2025-09-06T17:34:13 IST" finished-at="2025-09-06T17:34:13 IST">
          <reporter-output>
          </reporter-output>
        </test-method> <!-- afterMethod -->
        <test-method status="PASS" signature="afterTest()[pri:0, instance:Maven_Testng.Maven_Testng.TestNg_Annotations@2f0a87b3]" name="afterTest" is-config="true" duration-ms="1" started-at="2025-09-06T17:34:13 IST" finished-at="2025-09-06T17:34:13 IST">
          <reporter-output>
          </reporter-output>
        </test-method> <!-- afterTest -->
        <test-method status="PASS" signature="afterClass()[pri:0, instance:Maven_Testng.Maven_Testng.TestNg_Annotations@2f0a87b3]" name="afterClass" is-config="true" duration-ms="0" started-at="2025-09-06T17:34:13 IST" finished-at="2025-09-06T17:34:13 IST">
          <reporter-output>
          </reporter-output>
        </test-method> <!-- afterClass -->
        <test-method status="PASS" signature="afterSuite()[pri:0, instance:Maven_Testng.Maven_Testng.TestNg_Annotations@2f0a87b3]" name="afterSuite" is-config="true" duration-ms="1" started-at="2025-09-06T17:34:13 IST" finished-at="2025-09-06T17:34:13 IST">
          <reporter-output>
          </reporter-output>
        </test-method> <!-- afterSuite -->
      </class> <!-- Maven_Testng.Maven_Testng.TestNg_Annotations -->
    </test> <!-- Default test -->
  </suite> <!-- Default suite -->
</testng-results>
